[debug] [2022-11-20T00:53:50.336Z] ----------------------------------------------------------------------
[debug] [2022-11-20T00:53:50.338Z] Command:       C:\Program Files\nodejs\node.exe C:\Users\lpcd_\AppData\Roaming\npm\node_modules\firebase-tools\lib\bin\firebase.js init
[debug] [2022-11-20T00:53:50.339Z] CLI Version:   11.16.1
[debug] [2022-11-20T00:53:50.339Z] Platform:      win32
[debug] [2022-11-20T00:53:50.339Z] Node Version:  v18.8.0
[debug] [2022-11-20T00:53:50.340Z] Time:          Sat Nov 19 2022 19:53:50 GMT-0500 (hora estándar de Perú)
[debug] [2022-11-20T00:53:50.340Z] ----------------------------------------------------------------------
[debug] 
[debug] [2022-11-20T00:53:50.430Z] > command requires scopes: ["email","openid","https://www.googleapis.com/auth/cloudplatformprojects.readonly","https://www.googleapis.com/auth/firebase","https://www.googleapis.com/auth/cloud-platform"]
[debug] [2022-11-20T00:53:50.430Z] > authorizing via signed-in user (lepacedi010203@gmail.com)
[info] 
     ######## #### ########  ######## ########     ###     ######  ########
     ##        ##  ##     ## ##       ##     ##  ##   ##  ##       ##
     ######    ##  ########  ######   ########  #########  ######  ######
     ##        ##  ##    ##  ##       ##     ## ##     ##       ## ##
     ##       #### ##     ## ######## ########  ##     ##  ######  ########

You're about to initialize a Firebase project in this directory:

  C:\Users\lpcd_\.rider\Aplicaciones web\FreePlace.API

Before we get started, keep in mind:

  * You are initializing within an existing Firebase project directory

[info] 
=== Project Setup
[info] 
[info] First, let's associate this project directory with a Firebase project.
[info] You can create multiple project aliases by running firebase use --add, 
[info] but for now we'll just set up a default project.
[info] 
[debug] [2022-11-20T00:54:04.434Z] Using project from CLI flag: freeplace-genius
[debug] [2022-11-20T00:54:04.437Z] >>> [apiv2][query] GET https://firebase.googleapis.com/v1beta1/projects/freeplace-genius [none]
[debug] [2022-11-20T00:54:04.979Z] <<< [apiv2][status] GET https://firebase.googleapis.com/v1beta1/projects/freeplace-genius 200
[debug] [2022-11-20T00:54:04.979Z] <<< [apiv2][body] GET https://firebase.googleapis.com/v1beta1/projects/freeplace-genius {"projectId":"freeplace-genius","projectNumber":"862442606017","displayName":"FreePlace-Genius","name":"projects/freeplace-genius","resources":{"hostingSite":"freeplace-genius"},"state":"ACTIVE","etag":"1_710321b6-17ee-4409-8754-2307c0b9e38f"}
[info] i  Using project freeplace-genius (FreePlace-Genius) 
[info] 
=== Hosting Setup
[info] 
[info] Your public directory is the folder (relative to your project directory) that
[info] will contain Hosting assets to be uploaded with firebase deploy. If you
[info] have a build process for your assets, use your build's output directory.
[info] 
